<?xml version="1.0" encoding="UTF-8"?>
<!-- Generated by org.testng.reporters.JUnitReportReporter -->
<testsuite hostname="DESKTOP-QQ4GPG9" failures="0" tests="7" name="com.runner.TestRunner" time="42.846" errors="0" timestamp="2025-09-09T12:07:16 IST" skipped="0">
  <testcase classname="com.runner.TestRunner" name="runScenario" time="19.988"/>
  <testcase classname="com.runner.TestRunner" name="runScenario" time="5.608"/>
  <testcase classname="com.runner.TestRunner" name="runScenario" time="3.968"/>
  <testcase classname="com.runner.TestRunner" name="runScenario" time="0.799"/>
  <testcase classname="com.runner.TestRunner" name="runScenario" time="3.286"/>
  <testcase classname="com.runner.TestRunner" name="runScenario" time="8.933"/>
  <testcase classname="com.runner.TestRunner" name="runScenario" time="0.264"/>
</testsuite> <!-- com.runner.TestRunner -->
