<?xml version="1.0" encoding="UTF-8"?>
<!-- Generated by org.testng.reporters.JUnitReportReporter -->
<testsuite hostname="DESKTOP-QQ4GPG9" failures="0" tests="7" name="com.runner.TestRunner" time="45.566" errors="0" timestamp="2025-09-10T12:22:24 IST" skipped="0">
  <testcase classname="com.runner.TestRunner" name="runScenario" time="0.461"/>
  <testcase classname="com.runner.TestRunner" name="runScenario" time="5.187"/>
  <testcase classname="com.runner.TestRunner" name="runScenario" time="18.859"/>
  <testcase classname="com.runner.TestRunner" name="runScenario" time="1.068"/>
  <testcase classname="com.runner.TestRunner" name="runScenario" time="9.107"/>
  <testcase classname="com.runner.TestRunner" name="runScenario" time="5.269"/>
  <testcase classname="com.runner.TestRunner" name="runScenario" time="5.615"/>
</testsuite> <!-- com.runner.TestRunner -->
