<?xml version="1.0" encoding="UTF-8"?>
<!-- Generated by org.testng.reporters.JUnitReportReporter -->
<testsuite hostname="DESKTOP-QQ4GPG9" failures="0" tests="1" name="com.runner.TestRunner" time="5.666" errors="0" timestamp="2025-09-06T12:20:56 IST" skipped="0">
  <testcase classname="com.runner.TestRunner" name="runScenario" time="5.666"/>
</testsuite> <!-- com.runner.TestRunner -->
