<?xml version="1.0" encoding="UTF-8"?>
<!-- Generated by org.testng.reporters.JUnitReportReporter -->
<testsuite hostname="DESKTOP-QQ4GPG9" failures="0" tests="3" name="com.runner.TestRunner" time="67.574" errors="0" timestamp="2025-09-08T20:00:01 IST" skipped="0">
  <testcase classname="com.runner.TestRunner" name="runScenario" time="57.388"/>
  <testcase classname="com.runner.TestRunner" name="runScenario" time="4.873"/>
  <testcase classname="com.runner.TestRunner" name="runScenario" time="5.313"/>
</testsuite> <!-- com.runner.TestRunner -->
