<?xml version="1.0" encoding="UTF-8"?>
<!-- Generated by org.testng.reporters.JUnitReportReporter -->
<testsuite hostname="DESKTOP-QQ4GPG9" failures="0" tests="11" name="com.runner.TestRunner" time="51.976" errors="0" timestamp="2025-09-13T08:36:56 IST" skipped="0">
  <testcase classname="com.runner.TestRunner" name="runScenario" time="12.717"/>
  <testcase classname="com.runner.TestRunner" name="runScenario" time="3.189"/>
  <testcase classname="com.runner.TestRunner" name="runScenario" time="5.602"/>
  <testcase classname="com.runner.TestRunner" name="runScenario" time="9.723"/>
  <testcase classname="com.runner.TestRunner" name="runScenario" time="0.761"/>
  <testcase classname="com.runner.TestRunner" name="runScenario" time="2.917"/>
  <testcase classname="com.runner.TestRunner" name="runScenario" time="0.310"/>
  <testcase classname="com.runner.TestRunner" name="runScenario" time="0.236"/>
  <testcase classname="com.runner.TestRunner" name="runScenario" time="10.378"/>
  <testcase classname="com.runner.TestRunner" name="runScenario" time="5.298"/>
  <testcase classname="com.runner.TestRunner" name="runScenario" time="0.845"/>
</testsuite> <!-- com.runner.TestRunner -->
