<?xml version="1.0" encoding="UTF-8"?>
<!-- Generated by org.testng.reporters.JUnitReportReporter -->
<testsuite hostname="DESKTOP-QQ4GPG9" failures="0" tests="11" name="com.runner.TestRunner" time="57.201" errors="0" timestamp="2025-09-11T22:52:59 IST" skipped="0">
  <testcase classname="com.runner.TestRunner" name="runScenario" time="5.537"/>
  <testcase classname="com.runner.TestRunner" name="runScenario" time="10.928"/>
  <testcase classname="com.runner.TestRunner" name="runScenario" time="0.329"/>
  <testcase classname="com.runner.TestRunner" name="runScenario" time="6.117"/>
  <testcase classname="com.runner.TestRunner" name="runScenario" time="0.755"/>
  <testcase classname="com.runner.TestRunner" name="runScenario" time="0.690"/>
  <testcase classname="com.runner.TestRunner" name="runScenario" time="3.066"/>
  <testcase classname="com.runner.TestRunner" name="runScenario" time="4.808"/>
  <testcase classname="com.runner.TestRunner" name="runScenario" time="0.241"/>
  <testcase classname="com.runner.TestRunner" name="runScenario" time="12.022"/>
  <testcase classname="com.runner.TestRunner" name="runScenario" time="12.708"/>
</testsuite> <!-- com.runner.TestRunner -->
