<?xml version="1.0" encoding="UTF-8"?>
<!-- Generated by org.testng.reporters.JUnitReportReporter -->
<testsuite hostname="DESKTOP-QQ4GPG9" failures="0" tests="12" name="com.runner.TestRunner" time="87.368" errors="0" timestamp="2025-09-13T14:54:48 IST" skipped="0">
  <testcase classname="com.runner.TestRunner" name="runScenario" time="19.320"/>
  <testcase classname="com.runner.TestRunner" name="runScenario" time="4.417"/>
  <testcase classname="com.runner.TestRunner" name="runScenario" time="2.178"/>
  <testcase classname="com.runner.TestRunner" name="runScenario" time="12.376"/>
  <testcase classname="com.runner.TestRunner" name="runScenario" time="3.407"/>
  <testcase classname="com.runner.TestRunner" name="runScenario" time="1.756"/>
  <testcase classname="com.runner.TestRunner" name="runScenario" time="0.421"/>
  <testcase classname="com.runner.TestRunner" name="runScenario" time="1.065"/>
  <testcase classname="com.runner.TestRunner" name="runScenario" time="5.366"/>
  <testcase classname="com.runner.TestRunner" name="runScenario" time="7.703"/>
  <testcase classname="com.runner.TestRunner" name="runScenario" time="0.436"/>
  <testcase classname="com.runner.TestRunner" name="runScenario" time="28.923"/>
</testsuite> <!-- com.runner.TestRunner -->
