<?xml version="1.0" encoding="UTF-8"?>
<!-- Generated by org.testng.reporters.JUnitReportReporter -->
<testsuite hostname="DESKTOP-QQ4GPG9" failures="0" tests="8" name="com.runner.TestRunner" time="62.741" errors="0" timestamp="2025-09-08T22:40:37 IST" skipped="0">
  <testcase classname="com.runner.TestRunner" name="runScenario" time="4.848"/>
  <testcase classname="com.runner.TestRunner" name="runScenario" time="0.492"/>
  <testcase classname="com.runner.TestRunner" name="runScenario" time="0.517"/>
  <testcase classname="com.runner.TestRunner" name="runScenario" time="48.877"/>
  <testcase classname="com.runner.TestRunner" name="runScenario" time="3.071"/>
  <testcase classname="com.runner.TestRunner" name="runScenario" time="1.815"/>
  <testcase classname="com.runner.TestRunner" name="runScenario" time="2.633"/>
  <testcase classname="com.runner.TestRunner" name="runScenario" time="0.488"/>
</testsuite> <!-- com.runner.TestRunner -->
