<?xml version="1.0" encoding="UTF-8"?>
<!-- Generated by org.testng.reporters.JUnitReportReporter -->
<testsuite hostname="DESKTOP-QQ4GPG9" failures="0" tests="9" name="com.runner.TestRunner" time="137.034" errors="0" timestamp="2025-09-10T23:23:58 IST" skipped="0">
  <testcase classname="com.runner.TestRunner" name="runScenario" time="3.670"/>
  <testcase classname="com.runner.TestRunner" name="runScenario" time="5.049"/>
  <testcase classname="com.runner.TestRunner" name="runScenario" time="12.058"/>
  <testcase classname="com.runner.TestRunner" name="runScenario" time="58.381"/>
  <testcase classname="com.runner.TestRunner" name="runScenario" time="47.286"/>
  <testcase classname="com.runner.TestRunner" name="runScenario" time="0.966"/>
  <testcase classname="com.runner.TestRunner" name="runScenario" time="0.352"/>
  <testcase classname="com.runner.TestRunner" name="runScenario" time="0.721"/>
  <testcase classname="com.runner.TestRunner" name="runScenario" time="8.551"/>
</testsuite> <!-- com.runner.TestRunner -->
