<?xml version="1.0" encoding="UTF-8"?>
<!-- Generated by org.testng.reporters.JUnitReportReporter -->
<testsuite hostname="DESKTOP-QQ4GPG9" failures="0" tests="1" name="com.runner.TestRunner" time="32.336" errors="0" timestamp="2025-09-06T23:32:35 IST" skipped="0">
  <testcase classname="com.runner.TestRunner" name="runScenario" time="32.336"/>
</testsuite> <!-- com.runner.TestRunner -->
