<?xml version="1.0" encoding="UTF-8"?>
<!-- Generated by org.testng.reporters.JUnitReportReporter -->
<testsuite hostname="DESKTOP-QQ4GPG9" failures="0" tests="10" name="com.runner.TestRunner" time="54.577" errors="0" timestamp="2025-09-11T12:37:19 IST" skipped="0">
  <testcase classname="com.runner.TestRunner" name="runScenario" time="3.827"/>
  <testcase classname="com.runner.TestRunner" name="runScenario" time="0.626"/>
  <testcase classname="com.runner.TestRunner" name="runScenario" time="1.335"/>
  <testcase classname="com.runner.TestRunner" name="runScenario" time="10.437"/>
  <testcase classname="com.runner.TestRunner" name="runScenario" time="3.345"/>
  <testcase classname="com.runner.TestRunner" name="runScenario" time="0.282"/>
  <testcase classname="com.runner.TestRunner" name="runScenario" time="5.864"/>
  <testcase classname="com.runner.TestRunner" name="runScenario" time="7.941"/>
  <testcase classname="com.runner.TestRunner" name="runScenario" time="15.318"/>
  <testcase classname="com.runner.TestRunner" name="runScenario" time="5.602"/>
</testsuite> <!-- com.runner.TestRunner -->
